2024-09-20T22:13:32.254-06:00  INFO 5496 --- [paradigmas] [main] c.una.paradigmas.ParadigmasApplication   : Starting ParadigmasApplication using Java 17.0.9 with PID 5496 (D:\Estudio\UNA\Cami\Paradigmas\Proyecto\Proyecto-Paradigmas\target\classes started by XPC in D:\Estudio\UNA\Cami\Paradigmas\Proyecto\Proyecto-Paradigmas)
2024-09-20T22:13:32.256-06:00  INFO 5496 --- [paradigmas] [main] c.una.paradigmas.ParadigmasApplication   : No active profile set, falling back to 1 default profile: "default"
2024-09-20T22:13:32.845-06:00  INFO 5496 --- [paradigmas] [main] .s.d.r.c.RepositoryConfigurationDelegate : Bootstrapping Spring Data JPA repositories in DEFAULT mode.
2024-09-20T22:13:32.898-06:00  INFO 5496 --- [paradigmas] [main] .s.d.r.c.RepositoryConfigurationDelegate : Finished Spring Data repository scanning in 44 ms. Found 1 JPA repository interface.
2024-09-20T22:13:33.425-06:00  INFO 5496 --- [paradigmas] [main] o.s.b.w.embedded.tomcat.TomcatWebServer  : Tomcat initialized with port 8080 (http)
2024-09-20T22:13:33.438-06:00  INFO 5496 --- [paradigmas] [main] o.apache.catalina.core.StandardService   : Starting service [Tomcat]
2024-09-20T22:13:33.439-06:00  INFO 5496 --- [paradigmas] [main] o.apache.catalina.core.StandardEngine    : Starting Servlet engine: [Apache Tomcat/10.1.30]
2024-09-20T22:13:33.487-06:00  INFO 5496 --- [paradigmas] [main] o.a.c.c.C.[Tomcat].[localhost].[/]       : Initializing Spring embedded WebApplicationContext
2024-09-20T22:13:33.487-06:00  INFO 5496 --- [paradigmas] [main] w.s.c.ServletWebServerApplicationContext : Root WebApplicationContext: initialization completed in 1191 ms
2024-09-20T22:13:33.615-06:00  INFO 5496 --- [paradigmas] [main] o.hibernate.jpa.internal.util.LogHelper  : HHH000204: Processing PersistenceUnitInfo [name: default]
2024-09-20T22:13:33.676-06:00  INFO 5496 --- [paradigmas] [main] org.hibernate.Version                    : HHH000412: Hibernate ORM core version 6.5.3.Final
2024-09-20T22:13:33.708-06:00  INFO 5496 --- [paradigmas] [main] o.h.c.internal.RegionFactoryInitiator    : HHH000026: Second-level cache disabled
2024-09-20T22:13:34.010-06:00  INFO 5496 --- [paradigmas] [main] o.s.o.j.p.SpringPersistenceUnitInfo      : No LoadTimeWeaver setup: ignoring JPA class transformer
2024-09-20T22:13:34.038-06:00  INFO 5496 --- [paradigmas] [main] com.zaxxer.hikari.HikariDataSource       : HikariPool-1 - Starting...
2024-09-20T22:13:34.375-06:00  INFO 5496 --- [paradigmas] [main] com.zaxxer.hikari.pool.HikariPool        : HikariPool-1 - Added connection com.mysql.cj.jdbc.ConnectionImpl@a6dffdb
2024-09-20T22:13:34.376-06:00  INFO 5496 --- [paradigmas] [main] com.zaxxer.hikari.HikariDataSource       : HikariPool-1 - Start completed.
2024-09-20T22:13:35.128-06:00  INFO 5496 --- [paradigmas] [main] o.h.e.t.j.p.i.JtaPlatformInitiator       : HHH000489: No JTA platform available (set 'hibernate.transaction.jta.platform' to enable JTA platform integration)
2024-09-20T22:13:35.189-06:00  INFO 5496 --- [paradigmas] [main] j.LocalContainerEntityManagerFactoryBean : Initialized JPA EntityManagerFactory for persistence unit 'default'
2024-09-20T22:13:35.460-06:00  WARN 5496 --- [paradigmas] [main] JpaBaseConfiguration$JpaWebConfiguration : spring.jpa.open-in-view is enabled by default. Therefore, database queries may be performed during view rendering. Explicitly configure spring.jpa.open-in-view to disable this warning
2024-09-20T22:13:35.771-06:00  INFO 5496 --- [paradigmas] [main] o.s.b.w.embedded.tomcat.TomcatWebServer  : Tomcat started on port 8080 (http) with context path '/'
2024-09-20T22:13:35.777-06:00  INFO 5496 --- [paradigmas] [main] c.una.paradigmas.ParadigmasApplication   : Started ParadigmasApplication in 3.894 seconds (process running for 4.592)
2024-09-20T22:13:53.336-06:00  INFO 5496 --- [paradigmas] [http-nio-8080-exec-2] o.a.c.c.C.[Tomcat].[localhost].[/]       : Initializing Spring DispatcherServlet 'dispatcherServlet'
2024-09-20T22:13:53.336-06:00  INFO 5496 --- [paradigmas] [http-nio-8080-exec-2] o.s.web.servlet.DispatcherServlet        : Initializing Servlet 'dispatcherServlet'
2024-09-20T22:13:53.337-06:00  INFO 5496 --- [paradigmas] [http-nio-8080-exec-2] o.s.web.servlet.DispatcherServlet        : Completed initialization in 1 ms
2024-09-20T22:13:53.425-06:00  INFO 5496 --- [paradigmas] [http-nio-8080-exec-2] c.una.paradigmas.aspect.LoggingAspect    : Solicitud iniciada: ResponseEntity com.una.paradigmas.controller.ProductController.addNewProduct(Product)
2024-09-20T22:13:53.591-06:00  INFO 5496 --- [paradigmas] [http-nio-8080-exec-2] c.una.paradigmas.aspect.LoggingAspect    : Respuesta exitosa: <201 CREATED Created,{product=com.una.paradigmas.model.Product@66d4b8a2, message=Product created},[]>
2024-09-20T22:14:38.465-06:00  WARN 5496 --- [paradigmas] [http-nio-8080-exec-3] .w.s.m.s.DefaultHandlerExceptionResolver : Resolved [org.springframework.http.converter.HttpMessageNotReadableException: JSON parse error: Unexpected character ('"' (code 34)): was expecting comma to separate Object entries]
2024-09-20T22:39:55.811-06:00  INFO 5496 --- [paradigmas] [SpringApplicationShutdownHook] j.LocalContainerEntityManagerFactoryBean : Closing JPA EntityManagerFactory for persistence unit 'default'
2024-09-20T22:39:55.813-06:00  INFO 5496 --- [paradigmas] [SpringApplicationShutdownHook] com.zaxxer.hikari.HikariDataSource       : HikariPool-1 - Shutdown initiated...
2024-09-20T22:39:55.824-06:00  INFO 5496 --- [paradigmas] [SpringApplicationShutdownHook] com.zaxxer.hikari.HikariDataSource       : HikariPool-1 - Shutdown completed.
2024-09-20T22:40:14.451-06:00  INFO 15940 --- [paradigmas] [main] c.una.paradigmas.ParadigmasApplication   : Starting ParadigmasApplication using Java 17.0.9 with PID 15940 (D:\Estudio\UNA\Cami\Paradigmas\Proyecto\Proyecto-Paradigmas\target\classes started by XPC in D:\Estudio\UNA\Cami\Paradigmas\Proyecto\Proyecto-Paradigmas)
2024-09-20T22:40:14.454-06:00  INFO 15940 --- [paradigmas] [main] c.una.paradigmas.ParadigmasApplication   : No active profile set, falling back to 1 default profile: "default"
2024-09-20T22:40:14.897-06:00  INFO 15940 --- [paradigmas] [main] .s.d.r.c.RepositoryConfigurationDelegate : Bootstrapping Spring Data JPA repositories in DEFAULT mode.
2024-09-20T22:40:14.939-06:00  INFO 15940 --- [paradigmas] [main] .s.d.r.c.RepositoryConfigurationDelegate : Finished Spring Data repository scanning in 35 ms. Found 1 JPA repository interface.
2024-09-20T22:40:15.350-06:00  INFO 15940 --- [paradigmas] [main] o.s.b.w.embedded.tomcat.TomcatWebServer  : Tomcat initialized with port 8080 (http)
2024-09-20T22:40:15.360-06:00  INFO 15940 --- [paradigmas] [main] o.apache.catalina.core.StandardService   : Starting service [Tomcat]
2024-09-20T22:40:15.360-06:00  INFO 15940 --- [paradigmas] [main] o.apache.catalina.core.StandardEngine    : Starting Servlet engine: [Apache Tomcat/10.1.30]
2024-09-20T22:40:15.401-06:00  INFO 15940 --- [paradigmas] [main] o.a.c.c.C.[Tomcat].[localhost].[/]       : Initializing Spring embedded WebApplicationContext
2024-09-20T22:40:15.402-06:00  INFO 15940 --- [paradigmas] [main] w.s.c.ServletWebServerApplicationContext : Root WebApplicationContext: initialization completed in 915 ms
2024-09-20T22:40:15.512-06:00  INFO 15940 --- [paradigmas] [main] o.hibernate.jpa.internal.util.LogHelper  : HHH000204: Processing PersistenceUnitInfo [name: default]
2024-09-20T22:40:15.551-06:00  INFO 15940 --- [paradigmas] [main] org.hibernate.Version                    : HHH000412: Hibernate ORM core version 6.5.3.Final
2024-09-20T22:40:15.577-06:00  INFO 15940 --- [paradigmas] [main] o.h.c.internal.RegionFactoryInitiator    : HHH000026: Second-level cache disabled
2024-09-20T22:40:15.803-06:00  INFO 15940 --- [paradigmas] [main] o.s.o.j.p.SpringPersistenceUnitInfo      : No LoadTimeWeaver setup: ignoring JPA class transformer
2024-09-20T22:40:15.825-06:00  INFO 15940 --- [paradigmas] [main] com.zaxxer.hikari.HikariDataSource       : HikariPool-1 - Starting...
2024-09-20T22:40:16.071-06:00  INFO 15940 --- [paradigmas] [main] com.zaxxer.hikari.pool.HikariPool        : HikariPool-1 - Added connection com.mysql.cj.jdbc.ConnectionImpl@5d32c1c7
2024-09-20T22:40:16.073-06:00  INFO 15940 --- [paradigmas] [main] com.zaxxer.hikari.HikariDataSource       : HikariPool-1 - Start completed.
2024-09-20T22:40:16.730-06:00  INFO 15940 --- [paradigmas] [main] o.h.e.t.j.p.i.JtaPlatformInitiator       : HHH000489: No JTA platform available (set 'hibernate.transaction.jta.platform' to enable JTA platform integration)
2024-09-20T22:40:16.766-06:00  INFO 15940 --- [paradigmas] [main] j.LocalContainerEntityManagerFactoryBean : Initialized JPA EntityManagerFactory for persistence unit 'default'
2024-09-20T22:40:17.014-06:00  WARN 15940 --- [paradigmas] [main] JpaBaseConfiguration$JpaWebConfiguration : spring.jpa.open-in-view is enabled by default. Therefore, database queries may be performed during view rendering. Explicitly configure spring.jpa.open-in-view to disable this warning
2024-09-20T22:40:17.300-06:00  INFO 15940 --- [paradigmas] [main] o.s.b.w.embedded.tomcat.TomcatWebServer  : Tomcat started on port 8080 (http) with context path '/'
2024-09-20T22:40:17.307-06:00  INFO 15940 --- [paradigmas] [main] c.una.paradigmas.ParadigmasApplication   : Started ParadigmasApplication in 3.192 seconds (process running for 3.74)
2024-09-20T22:40:20.653-06:00  INFO 15940 --- [paradigmas] [http-nio-8080-exec-2] o.a.c.c.C.[Tomcat].[localhost].[/]       : Initializing Spring DispatcherServlet 'dispatcherServlet'
2024-09-20T22:40:20.654-06:00  INFO 15940 --- [paradigmas] [http-nio-8080-exec-2] o.s.web.servlet.DispatcherServlet        : Initializing Servlet 'dispatcherServlet'
2024-09-20T22:40:20.655-06:00  INFO 15940 --- [paradigmas] [http-nio-8080-exec-2] o.s.web.servlet.DispatcherServlet        : Completed initialization in 1 ms
2024-09-20T22:40:20.739-06:00  INFO 15940 --- [paradigmas] [http-nio-8080-exec-2] c.una.paradigmas.aspect.LoggingAspect    : Solicitud iniciada: ResponseEntity com.una.paradigmas.controller.ProductController.addNewProduct(Product)
2024-09-20T22:40:20.839-06:00  WARN 15940 --- [paradigmas] [http-nio-8080-exec-2] c.una.paradigmas.aspect.LoggingAspect    : Error del cliente: 409 CONFLICT
